2021-01-12 03:40:34,727 - Loaded System Directive: org.apache.velocity.runtime.directive.Foreach
2021-01-12 03:40:34,742 - Created '20' parsers.
2021-01-12 03:40:34,745 - Velocimacro : "velocimacro.library" is not set.  Trying default library: VM_global_library.vm
2021-01-12 03:40:34,745 - Could not load resource 'VM_global_library.vm' from ResourceLoader org.apache.velocity.runtime.resource.loader.ClasspathResourceLoader: ClasspathResourceLoader Error: cannot find resource VM_global_library.vm
2021-01-12 03:40:34,745 - Velocimacro : Default library not found.
2021-01-12 03:40:34,745 - Velocimacro : allowInline = true : VMs can be defined inline in templates
2021-01-12 03:40:34,745 - Velocimacro : allowInlineToOverride = false : VMs defined inline may NOT replace previous VM definitions
2021-01-12 03:40:34,745 - Velocimacro : allowInlineLocal = false : VMs defined inline will be global in scope if allowed.
2021-01-12 03:40:34,745 - Velocimacro : autoload off : VM system will not automatically reload global library macros
2021-01-12 03:40:34,750 - ResourceManager : found /templates/index.vm with loader org.apache.velocity.runtime.resource.loader.ClasspathResourceLoader
2021-01-12 03:40:35,610 - ResourceManager : found /templates/index.vm with loader org.apache.velocity.runtime.resource.loader.ClasspathResourceLoader
2021-01-12 03:40:36,170 - ResourceManager : found /templates/index.vm with loader org.apache.velocity.runtime.resource.loader.ClasspathResourceLoader
2021-01-12 03:40:36,353 - ResourceManager : found /templates/index.vm with loader org.apache.velocity.runtime.resource.loader.ClasspathResourceLoader
2021-01-12 03:40:36,508 - ResourceManager : found /templates/index.vm with loader org.apache.velocity.runtime.resource.loader.ClasspathResourceLoader
2021-01-12 03:40:36,663 - ResourceManager : found /templates/index.vm with loader org.apache.velocity.runtime.resource.loader.ClasspathResourceLoader
2021-01-12 03:40:36,808 - ResourceManager : found /templates/index.vm with loader org.apache.velocity.runtime.resource.loader.ClasspathResourceLoader
2021-01-12 03:40:36,960 - ResourceManager : found /templates/index.vm with loader org.apache.velocity.runtime.resource.loader.ClasspathResourceLoader
2021-01-12 03:40:40,177 - ResourceManager : found /templates/index.vm with loader org.apache.velocity.runtime.resource.loader.ClasspathResourceLoader
2021-01-12 03:41:14,055 - ResourceManager : found /templates/index.vm with loader org.apache.velocity.runtime.resource.loader.ClasspathResourceLoader
2021-01-12 03:41:14,839 - ResourceManager : found /templates/index.vm with loader org.apache.velocity.runtime.resource.loader.ClasspathResourceLoader
2021-01-12 03:41:15,478 - ResourceManager : found /templates/index.vm with loader org.apache.velocity.runtime.resource.loader.ClasspathResourceLoader
2021-01-12 03:41:20,822 - ResourceManager : found /templates/index.vm with loader org.apache.velocity.runtime.resource.loader.ClasspathResourceLoader
2021-01-12 03:41:21,600 - ResourceManager : found /templates/index.vm with loader org.apache.velocity.runtime.resource.loader.ClasspathResourceLoader
2021-01-12 03:41:22,219 - ResourceManager : found /templates/index.vm with loader org.apache.velocity.runtime.resource.loader.ClasspathResourceLoader
2021-01-12 03:41:22,964 - ResourceManager : found /templates/index.vm with loader org.apache.velocity.runtime.resource.loader.ClasspathResourceLoader
2021-01-12 03:41:27,726 - ResourceManager : found /templates/index.vm with loader org.apache.velocity.runtime.resource.loader.ClasspathResourceLoader
2021-01-12 03:41:28,199 - ResourceManager : found /templates/index.vm with loader org.apache.velocity.runtime.resource.loader.ClasspathResourceLoader
2021-01-12 03:41:28,462 - ResourceManager : found /templates/index.vm with loader org.apache.velocity.runtime.resource.loader.ClasspathResourceLoader
2021-01-12 03:41:28,706 - ResourceManager : found /templates/index.vm with loader org.apache.velocity.runtime.resource.loader.ClasspathResourceLoader
2021-01-12 03:41:28,835 - ResourceManager : found /templates/index.vm with loader org.apache.velocity.runtime.resource.loader.ClasspathResourceLoader
2021-01-12 03:42:53,798 - Log4JLogChute initialized using file 'velocity.log'
2021-01-12 03:42:53,798 - Initializing Velocity, Calling init()...
2021-01-12 03:42:53,798 - Starting Apache Velocity v1.7 (compiled: 2010-11-19 12:14:37)
2021-01-12 03:42:53,798 - Default Properties File: org\apache\velocity\runtime\defaults\velocity.properties
2021-01-12 03:42:53,798 - Trying to use logger class org.apache.velocity.runtime.log.AvalonLogChute
2021-01-12 03:42:53,798 - Target log system for org.apache.velocity.runtime.log.AvalonLogChute is not available (java.lang.NoClassDefFoundError: org/apache/log/format/Formatter).  Falling back to next log system...
2021-01-12 03:42:53,798 - Trying to use logger class org.apache.velocity.runtime.log.Log4JLogChute
2021-01-12 03:42:53,798 - Using logger class org.apache.velocity.runtime.log.Log4JLogChute
2021-01-12 03:42:53,800 - ResourceLoader instantiated: org.apache.velocity.runtime.resource.loader.ClasspathResourceLoader
2021-01-12 03:42:53,806 - ResourceCache: initialized (class org.apache.velocity.runtime.resource.ResourceCacheImpl) with class java.util.Collections$SynchronizedMap cache map.
2021-01-12 03:42:53,807 - Loaded System Directive: org.apache.velocity.runtime.directive.Stop
2021-01-12 03:42:53,807 - Loaded System Directive: org.apache.velocity.runtime.directive.Define
2021-01-12 03:42:53,808 - Loaded System Directive: org.apache.velocity.runtime.directive.Break
2021-01-12 03:42:53,808 - Loaded System Directive: org.apache.velocity.runtime.directive.Evaluate
2021-01-12 03:42:53,808 - Loaded System Directive: org.apache.velocity.runtime.directive.Literal
2021-01-12 03:42:53,809 - Loaded System Directive: org.apache.velocity.runtime.directive.Macro
2021-01-12 03:42:53,809 - Loaded System Directive: org.apache.velocity.runtime.directive.Parse
2021-01-12 03:42:53,810 - Loaded System Directive: org.apache.velocity.runtime.directive.Include
2021-01-12 03:42:53,810 - Loaded System Directive: org.apache.velocity.runtime.directive.Foreach
2021-01-12 03:42:53,829 - Created '20' parsers.
2021-01-12 03:42:53,832 - Velocimacro : "velocimacro.library" is not set.  Trying default library: VM_global_library.vm
2021-01-12 03:42:53,832 - Could not load resource 'VM_global_library.vm' from ResourceLoader org.apache.velocity.runtime.resource.loader.ClasspathResourceLoader: ClasspathResourceLoader Error: cannot find resource VM_global_library.vm
2021-01-12 03:42:53,832 - Velocimacro : Default library not found.
2021-01-12 03:42:53,832 - Velocimacro : allowInline = true : VMs can be defined inline in templates
2021-01-12 03:42:53,832 - Velocimacro : allowInlineToOverride = false : VMs defined inline may NOT replace previous VM definitions
2021-01-12 03:42:53,833 - Velocimacro : allowInlineLocal = false : VMs defined inline will be global in scope if allowed.
2021-01-12 03:42:53,833 - Velocimacro : autoload off : VM system will not automatically reload global library macros
2021-01-12 03:42:53,838 - ResourceManager : found /templates/index.vm with loader org.apache.velocity.runtime.resource.loader.ClasspathResourceLoader
2021-01-12 03:42:55,498 - ResourceManager : found /templates/index.vm with loader org.apache.velocity.runtime.resource.loader.ClasspathResourceLoader
2021-01-12 03:42:56,987 - ResourceManager : found /templates/index.vm with loader org.apache.velocity.runtime.resource.loader.ClasspathResourceLoader
2021-01-12 03:42:57,160 - ResourceManager : found /templates/index.vm with loader org.apache.velocity.runtime.resource.loader.ClasspathResourceLoader
2021-01-12 03:42:57,347 - ResourceManager : found /templates/index.vm with loader org.apache.velocity.runtime.resource.loader.ClasspathResourceLoader
2021-01-12 03:42:57,526 - ResourceManager : found /templates/index.vm with loader org.apache.velocity.runtime.resource.loader.ClasspathResourceLoader
2021-01-12 03:42:57,694 - ResourceManager : found /templates/index.vm with loader org.apache.velocity.runtime.resource.loader.ClasspathResourceLoader
2021-01-12 03:43:05,770 - Log4JLogChute initialized using file 'velocity.log'
2021-01-12 03:43:05,770 - Initializing Velocity, Calling init()...
2021-01-12 03:43:05,770 - Starting Apache Velocity v1.7 (compiled: 2010-11-19 12:14:37)
2021-01-12 03:43:05,770 - Default Properties File: org\apache\velocity\runtime\defaults\velocity.properties
2021-01-12 03:43:05,770 - Trying to use logger class org.apache.velocity.runtime.log.AvalonLogChute
2021-01-12 03:43:05,770 - Target log system for org.apache.velocity.runtime.log.AvalonLogChute is not available (java.lang.NoClassDefFoundError: org/apache/log/format/Formatter).  Falling back to next log system...
2021-01-12 03:43:05,770 - Trying to use logger class org.apache.velocity.runtime.log.Log4JLogChute
2021-01-12 03:43:05,770 - Using logger class org.apache.velocity.runtime.log.Log4JLogChute
2021-01-12 03:43:05,772 - ResourceLoader instantiated: org.apache.velocity.runtime.resource.loader.ClasspathResourceLoader
2021-01-12 03:43:05,787 - ResourceCache: initialized (class org.apache.velocity.runtime.resource.ResourceCacheImpl) with class java.util.Collections$SynchronizedMap cache map.
2021-01-12 03:43:05,789 - Loaded System Directive: org.apache.velocity.runtime.directive.Stop
2021-01-12 03:43:05,790 - Loaded System Directive: org.apache.velocity.runtime.directive.Define
2021-01-12 03:43:05,791 - Loaded System Directive: org.apache.velocity.runtime.directive.Break
2021-01-12 03:43:05,791 - Loaded System Directive: org.apache.velocity.runtime.directive.Evaluate
2021-01-12 03:43:05,792 - Loaded System Directive: org.apache.velocity.runtime.directive.Literal
2021-01-12 03:43:05,792 - Loaded System Directive: org.apache.velocity.runtime.directive.Macro
2021-01-12 03:43:05,793 - Loaded System Directive: org.apache.velocity.runtime.directive.Parse
2021-01-12 03:43:05,794 - Loaded System Directive: org.apache.velocity.runtime.directive.Include
2021-01-12 03:43:05,795 - Loaded System Directive: org.apache.velocity.runtime.directive.Foreach
2021-01-12 03:43:05,819 - Created '20' parsers.
2021-01-12 03:43:05,822 - Velocimacro : "velocimacro.library" is not set.  Trying default library: VM_global_library.vm
2021-01-12 03:43:05,823 - Could not load resource 'VM_global_library.vm' from ResourceLoader org.apache.velocity.runtime.resource.loader.ClasspathResourceLoader: ClasspathResourceLoader Error: cannot find resource VM_global_library.vm
2021-01-12 03:43:05,823 - Velocimacro : Default library not found.
2021-01-12 03:43:05,824 - Velocimacro : allowInline = true : VMs can be defined inline in templates
2021-01-12 03:43:05,824 - Velocimacro : allowInlineToOverride = false : VMs defined inline may NOT replace previous VM definitions
2021-01-12 03:43:05,824 - Velocimacro : allowInlineLocal = false : VMs defined inline will be global in scope if allowed.
2021-01-12 03:43:05,824 - Velocimacro : autoload off : VM system will not automatically reload global library macros
2021-01-12 03:43:05,831 - ResourceManager : found /templates/index.vm with loader org.apache.velocity.runtime.resource.loader.ClasspathResourceLoader
2021-01-12 03:43:06,820 - ResourceManager : found /templates/index.vm with loader org.apache.velocity.runtime.resource.loader.ClasspathResourceLoader
2021-01-12 03:45:05,782 - ResourceManager : found /templates/index.vm with loader org.apache.velocity.runtime.resource.loader.ClasspathResourceLoader
2021-01-12 03:45:06,643 - ResourceManager : found /templates/index.vm with loader org.apache.velocity.runtime.resource.loader.ClasspathResourceLoader
2021-01-12 03:45:07,032 - ResourceManager : found /templates/index.vm with loader org.apache.velocity.runtime.resource.loader.ClasspathResourceLoader
2021-01-12 03:45:07,179 - ResourceManager : found /templates/index.vm with loader org.apache.velocity.runtime.resource.loader.ClasspathResourceLoader
2021-01-12 03:45:07,343 - ResourceManager : found /templates/index.vm with loader org.apache.velocity.runtime.resource.loader.ClasspathResourceLoader
2021-01-12 03:45:10,194 - ResourceManager : found /templates/index.vm with loader org.apache.velocity.runtime.resource.loader.ClasspathResourceLoader
2021-01-12 03:45:10,720 - ResourceManager : found /templates/index.vm with loader org.apache.velocity.runtime.resource.loader.ClasspathResourceLoader
2021-01-12 03:45:10,845 - ResourceManager : found /templates/index.vm with loader org.apache.velocity.runtime.resource.loader.ClasspathResourceLoader
2021-01-12 03:45:10,980 - ResourceManager : found /templates/index.vm with loader org.apache.velocity.runtime.resource.loader.ClasspathResourceLoader
2021-01-12 03:45:17,475 - ResourceManager : found /templates/index.vm with loader org.apache.velocity.runtime.resource.loader.ClasspathResourceLoader
2021-01-12 03:45:18,250 - ResourceManager : found /templates/index.vm with loader org.apache.velocity.runtime.resource.loader.ClasspathResourceLoader
2021-01-12 03:48:29,778 - Log4JLogChute initialized using file 'velocity.log'
2021-01-12 03:48:29,778 - Initializing Velocity, Calling init()...
2021-01-12 03:48:29,778 - Starting Apache Velocity v1.7 (compiled: 2010-11-19 12:14:37)
2021-01-12 03:48:29,778 - Default Properties File: org\apache\velocity\runtime\defaults\velocity.properties
2021-01-12 03:48:29,778 - Trying to use logger class org.apache.velocity.runtime.log.AvalonLogChute
2021-01-12 03:48:29,778 - Target log system for org.apache.velocity.runtime.log.AvalonLogChute is not available (java.lang.NoClassDefFoundError: org/apache/log/format/Formatter).  Falling back to next log system...
2021-01-12 03:48:29,778 - Trying to use logger class org.apache.velocity.runtime.log.Log4JLogChute
2021-01-12 03:48:29,778 - Using logger class org.apache.velocity.runtime.log.Log4JLogChute
2021-01-12 03:48:29,780 - ResourceLoader instantiated: org.apache.velocity.runtime.resource.loader.ClasspathResourceLoader
2021-01-12 03:48:29,786 - ResourceCache: initialized (class org.apache.velocity.runtime.resource.ResourceCacheImpl) with class java.util.Collections$SynchronizedMap cache map.
2021-01-12 03:48:29,787 - Loaded System Directive: org.apache.velocity.runtime.directive.Stop
2021-01-12 03:48:29,787 - Loaded System Directive: org.apache.velocity.runtime.directive.Define
2021-01-12 03:48:29,788 - Loaded System Directive: org.apache.velocity.runtime.directive.Break
2021-01-12 03:48:29,788 - Loaded System Directive: org.apache.velocity.runtime.directive.Evaluate
2021-01-12 03:48:29,789 - Loaded System Directive: org.apache.velocity.runtime.directive.Literal
2021-01-12 03:48:29,789 - Loaded System Directive: org.apache.velocity.runtime.directive.Macro
2021-01-12 03:48:29,791 - Loaded System Directive: org.apache.velocity.runtime.directive.Parse
2021-01-12 03:48:29,791 - Loaded System Directive: org.apache.velocity.runtime.directive.Include
2021-01-12 03:48:29,792 - Loaded System Directive: org.apache.velocity.runtime.directive.Foreach
2021-01-12 03:48:29,808 - Created '20' parsers.
2021-01-12 03:48:29,810 - Velocimacro : "velocimacro.library" is not set.  Trying default library: VM_global_library.vm
2021-01-12 03:48:29,811 - Could not load resource 'VM_global_library.vm' from ResourceLoader org.apache.velocity.runtime.resource.loader.ClasspathResourceLoader: ClasspathResourceLoader Error: cannot find resource VM_global_library.vm
2021-01-12 03:48:29,811 - Velocimacro : Default library not found.
2021-01-12 03:48:29,811 - Velocimacro : allowInline = true : VMs can be defined inline in templates
2021-01-12 03:48:29,811 - Velocimacro : allowInlineToOverride = false : VMs defined inline may NOT replace previous VM definitions
2021-01-12 03:48:29,811 - Velocimacro : allowInlineLocal = false : VMs defined inline will be global in scope if allowed.
2021-01-12 03:48:29,811 - Velocimacro : autoload off : VM system will not automatically reload global library macros
2021-01-12 03:48:29,816 - ResourceManager : found /templates/index.vm with loader org.apache.velocity.runtime.resource.loader.ClasspathResourceLoader
2021-01-12 03:48:31,847 - ResourceManager : found /templates/index.vm with loader org.apache.velocity.runtime.resource.loader.ClasspathResourceLoader
2021-01-12 03:48:50,733 - ResourceManager : found /templates/index.vm with loader org.apache.velocity.runtime.resource.loader.ClasspathResourceLoader
2021-01-12 03:48:54,116 - ResourceManager : found /templates/index.vm with loader org.apache.velocity.runtime.resource.loader.ClasspathResourceLoader
2021-01-12 03:48:55,173 - ResourceManager : found /templates/index.vm with loader org.apache.velocity.runtime.resource.loader.ClasspathResourceLoader
2021-01-12 03:49:03,986 - ResourceManager : found /templates/index.vm with loader org.apache.velocity.runtime.resource.loader.ClasspathResourceLoader
2021-01-12 03:50:12,212 - Log4JLogChute initialized using file 'velocity.log'
2021-01-12 03:50:12,212 - Initializing Velocity, Calling init()...
2021-01-12 03:50:12,212 - Starting Apache Velocity v1.7 (compiled: 2010-11-19 12:14:37)
2021-01-12 03:50:12,212 - Default Properties File: org\apache\velocity\runtime\defaults\velocity.properties
2021-01-12 03:50:12,212 - Trying to use logger class org.apache.velocity.runtime.log.AvalonLogChute
2021-01-12 03:50:12,212 - Target log system for org.apache.velocity.runtime.log.AvalonLogChute is not available (java.lang.NoClassDefFoundError: org/apache/log/format/Formatter).  Falling back to next log system...
2021-01-12 03:50:12,212 - Trying to use logger class org.apache.velocity.runtime.log.Log4JLogChute
2021-01-12 03:50:12,212 - Using logger class org.apache.velocity.runtime.log.Log4JLogChute
2021-01-12 03:50:12,214 - ResourceLoader instantiated: org.apache.velocity.runtime.resource.loader.ClasspathResourceLoader
2021-01-12 03:50:12,219 - ResourceCache: initialized (class org.apache.velocity.runtime.resource.ResourceCacheImpl) with class java.util.Collections$SynchronizedMap cache map.
2021-01-12 03:50:12,220 - Loaded System Directive: org.apache.velocity.runtime.directive.Stop
2021-01-12 03:50:12,220 - Loaded System Directive: org.apache.velocity.runtime.directive.Define
2021-01-12 03:50:12,221 - Loaded System Directive: org.apache.velocity.runtime.directive.Break
2021-01-12 03:50:12,221 - Loaded System Directive: org.apache.velocity.runtime.directive.Evaluate
2021-01-12 03:50:12,221 - Loaded System Directive: org.apache.velocity.runtime.directive.Literal
2021-01-12 03:50:12,222 - Loaded System Directive: org.apache.velocity.runtime.directive.Macro
2021-01-12 03:50:12,222 - Loaded System Directive: org.apache.velocity.runtime.directive.Parse
2021-01-12 03:50:12,223 - Loaded System Directive: org.apache.velocity.runtime.directive.Include
2021-01-12 03:50:12,223 - Loaded System Directive: org.apache.velocity.runtime.directive.Foreach
2021-01-12 03:50:12,238 - Created '20' parsers.
2021-01-12 03:50:12,240 - Velocimacro : "velocimacro.library" is not set.  Trying default library: VM_global_library.vm
2021-01-12 03:50:12,240 - Could not load resource 'VM_global_library.vm' from ResourceLoader org.apache.velocity.runtime.resource.loader.ClasspathResourceLoader: ClasspathResourceLoader Error: cannot find resource VM_global_library.vm
2021-01-12 03:50:12,241 - Velocimacro : Default library not found.
2021-01-12 03:50:12,241 - Velocimacro : allowInline = true : VMs can be defined inline in templates
2021-01-12 03:50:12,241 - Velocimacro : allowInlineToOverride = false : VMs defined inline may NOT replace previous VM definitions
2021-01-12 03:50:12,241 - Velocimacro : allowInlineLocal = false : VMs defined inline will be global in scope if allowed.
2021-01-12 03:50:12,241 - Velocimacro : autoload off : VM system will not automatically reload global library macros
2021-01-12 03:50:12,245 - ResourceManager : found /templates/index.vm with loader org.apache.velocity.runtime.resource.loader.ClasspathResourceLoader
2021-01-12 15:03:19,604 - Log4JLogChute initialized using file 'velocity.log'
2021-01-12 15:03:19,604 - Initializing Velocity, Calling init()...
2021-01-12 15:03:19,604 - Starting Apache Velocity v1.7 (compiled: 2010-11-19 12:14:37)
2021-01-12 15:03:19,604 - Default Properties File: org\apache\velocity\runtime\defaults\velocity.properties
2021-01-12 15:03:19,604 - Trying to use logger class org.apache.velocity.runtime.log.AvalonLogChute
2021-01-12 15:03:19,604 - Target log system for org.apache.velocity.runtime.log.AvalonLogChute is not available (java.lang.NoClassDefFoundError: org/apache/log/format/Formatter).  Falling back to next log system...
2021-01-12 15:03:19,604 - Trying to use logger class org.apache.velocity.runtime.log.Log4JLogChute
2021-01-12 15:03:19,604 - Using logger class org.apache.velocity.runtime.log.Log4JLogChute
2021-01-12 15:03:19,606 - ResourceLoader instantiated: org.apache.velocity.runtime.resource.loader.ClasspathResourceLoader
2021-01-12 15:03:19,618 - ResourceCache: initialized (class org.apache.velocity.runtime.resource.ResourceCacheImpl) with class java.util.Collections$SynchronizedMap cache map.
2021-01-12 15:03:19,619 - Loaded System Directive: org.apache.velocity.runtime.directive.Stop
2021-01-12 15:03:19,620 - Loaded System Directive: org.apache.velocity.runtime.directive.Define
2021-01-12 15:03:19,620 - Loaded System Directive: org.apache.velocity.runtime.directive.Break
2021-01-12 15:03:19,620 - Loaded System Directive: org.apache.velocity.runtime.directive.Evaluate
2021-01-12 15:03:19,621 - Loaded System Directive: org.apache.velocity.runtime.directive.Literal
2021-01-12 15:03:19,621 - Loaded System Directive: org.apache.velocity.runtime.directive.Macro
2021-01-12 15:03:19,622 - Loaded System Directive: org.apache.velocity.runtime.directive.Parse
2021-01-12 15:03:19,622 - Loaded System Directive: org.apache.velocity.runtime.directive.Include
2021-01-12 15:03:19,623 - Loaded System Directive: org.apache.velocity.runtime.directive.Foreach
2021-01-12 15:03:19,638 - Created '20' parsers.
2021-01-12 15:03:19,640 - Velocimacro : "velocimacro.library" is not set.  Trying default library: VM_global_library.vm
2021-01-12 15:03:19,641 - Could not load resource 'VM_global_library.vm' from ResourceLoader org.apache.velocity.runtime.resource.loader.ClasspathResourceLoader: ClasspathResourceLoader Error: cannot find resource VM_global_library.vm
2021-01-12 15:03:19,641 - Velocimacro : Default library not found.
2021-01-12 15:03:19,641 - Velocimacro : allowInline = true : VMs can be defined inline in templates
2021-01-12 15:03:19,641 - Velocimacro : allowInlineToOverride = false : VMs defined inline may NOT replace previous VM definitions
2021-01-12 15:03:19,641 - Velocimacro : allowInlineLocal = false : VMs defined inline will be global in scope if allowed.
2021-01-12 15:03:19,641 - Velocimacro : autoload off : VM system will not automatically reload global library macros
2021-01-12 15:03:19,646 - ResourceManager : found /templates/index.vm with loader org.apache.velocity.runtime.resource.loader.ClasspathResourceLoader
2021-01-12 15:04:23,189 - ResourceManager : found /templates/index.vm with loader org.apache.velocity.runtime.resource.loader.ClasspathResourceLoader
2021-01-12 15:04:23,806 - ResourceManager : found /templates/index.vm with loader org.apache.velocity.runtime.resource.loader.ClasspathResourceLoader
2021-01-12 15:04:24,127 - ResourceManager : found /templates/index.vm with loader org.apache.velocity.runtime.resource.loader.ClasspathResourceLoader
2021-01-12 15:45:03,887 - Log4JLogChute initialized using file 'velocity.log'
2021-01-12 15:45:03,887 - Initializing Velocity, Calling init()...
2021-01-12 15:45:03,887 - Starting Apache Velocity v1.7 (compiled: 2010-11-19 12:14:37)
2021-01-12 15:45:03,887 - Default Properties File: org\apache\velocity\runtime\defaults\velocity.properties
2021-01-12 15:45:03,887 - Trying to use logger class org.apache.velocity.runtime.log.AvalonLogChute
2021-01-12 15:45:03,887 - Target log system for org.apache.velocity.runtime.log.AvalonLogChute is not available (java.lang.NoClassDefFoundError: org/apache/log/format/Formatter).  Falling back to next log system...
2021-01-12 15:45:03,887 - Trying to use logger class org.apache.velocity.runtime.log.Log4JLogChute
2021-01-12 15:45:03,887 - Using logger class org.apache.velocity.runtime.log.Log4JLogChute
2021-01-12 15:45:03,889 - ResourceLoader instantiated: org.apache.velocity.runtime.resource.loader.ClasspathResourceLoader
2021-01-12 15:45:03,895 - ResourceCache: initialized (class org.apache.velocity.runtime.resource.ResourceCacheImpl) with class java.util.Collections$SynchronizedMap cache map.
2021-01-12 15:45:03,896 - Loaded System Directive: org.apache.velocity.runtime.directive.Stop
2021-01-12 15:45:03,896 - Loaded System Directive: org.apache.velocity.runtime.directive.Define
2021-01-12 15:45:03,897 - Loaded System Directive: org.apache.velocity.runtime.directive.Break
2021-01-12 15:45:03,897 - Loaded System Directive: org.apache.velocity.runtime.directive.Evaluate
2021-01-12 15:45:03,897 - Loaded System Directive: org.apache.velocity.runtime.directive.Literal
2021-01-12 15:45:03,898 - Loaded System Directive: org.apache.velocity.runtime.directive.Macro
2021-01-12 15:45:03,898 - Loaded System Directive: org.apache.velocity.runtime.directive.Parse
2021-01-12 15:45:03,899 - Loaded System Directive: org.apache.velocity.runtime.directive.Include
2021-01-12 15:45:03,899 - Loaded System Directive: org.apache.velocity.runtime.directive.Foreach
2021-01-12 15:45:03,914 - Created '20' parsers.
2021-01-12 15:45:03,917 - Velocimacro : "velocimacro.library" is not set.  Trying default library: VM_global_library.vm
2021-01-12 15:45:03,917 - Could not load resource 'VM_global_library.vm' from ResourceLoader org.apache.velocity.runtime.resource.loader.ClasspathResourceLoader: ClasspathResourceLoader Error: cannot find resource VM_global_library.vm
2021-01-12 15:45:03,917 - Velocimacro : Default library not found.
2021-01-12 15:45:03,917 - Velocimacro : allowInline = true : VMs can be defined inline in templates
2021-01-12 15:45:03,917 - Velocimacro : allowInlineToOverride = false : VMs defined inline may NOT replace previous VM definitions
2021-01-12 15:45:03,917 - Velocimacro : allowInlineLocal = false : VMs defined inline will be global in scope if allowed.
2021-01-12 15:45:03,917 - Velocimacro : autoload off : VM system will not automatically reload global library macros
2021-01-12 15:45:03,922 - ResourceManager : found /templates/index.vm with loader org.apache.velocity.runtime.resource.loader.ClasspathResourceLoader
2021-01-12 15:51:00,218 - Log4JLogChute initialized using file 'velocity.log'
2021-01-12 15:51:00,218 - Initializing Velocity, Calling init()...
2021-01-12 15:51:00,218 - Starting Apache Velocity v1.7 (compiled: 2010-11-19 12:14:37)
2021-01-12 15:51:00,218 - Default Properties File: org\apache\velocity\runtime\defaults\velocity.properties
2021-01-12 15:51:00,218 - Trying to use logger class org.apache.velocity.runtime.log.AvalonLogChute
2021-01-12 15:51:00,218 - Target log system for org.apache.velocity.runtime.log.AvalonLogChute is not available (java.lang.NoClassDefFoundError: org/apache/log/format/Formatter).  Falling back to next log system...
2021-01-12 15:51:00,218 - Trying to use logger class org.apache.velocity.runtime.log.Log4JLogChute
2021-01-12 15:51:00,218 - Using logger class org.apache.velocity.runtime.log.Log4JLogChute
2021-01-12 15:51:00,220 - ResourceLoader instantiated: org.apache.velocity.runtime.resource.loader.ClasspathResourceLoader
2021-01-12 15:51:00,226 - ResourceCache: initialized (class org.apache.velocity.runtime.resource.ResourceCacheImpl) with class java.util.Collections$SynchronizedMap cache map.
2021-01-12 15:51:00,227 - Loaded System Directive: org.apache.velocity.runtime.directive.Stop
2021-01-12 15:51:00,228 - Loaded System Directive: org.apache.velocity.runtime.directive.Define
2021-01-12 15:51:00,228 - Loaded System Directive: org.apache.velocity.runtime.directive.Break
2021-01-12 15:51:00,228 - Loaded System Directive: org.apache.velocity.runtime.directive.Evaluate
2021-01-12 15:51:00,229 - Loaded System Directive: org.apache.velocity.runtime.directive.Literal
2021-01-12 15:51:00,229 - Loaded System Directive: org.apache.velocity.runtime.directive.Macro
2021-01-12 15:51:00,230 - Loaded System Directive: org.apache.velocity.runtime.directive.Parse
2021-01-12 15:51:00,230 - Loaded System Directive: org.apache.velocity.runtime.directive.Include
2021-01-12 15:51:00,231 - Loaded System Directive: org.apache.velocity.runtime.directive.Foreach
2021-01-12 15:51:00,246 - Created '20' parsers.
2021-01-12 15:51:00,249 - Velocimacro : "velocimacro.library" is not set.  Trying default library: VM_global_library.vm
2021-01-12 15:51:00,249 - Could not load resource 'VM_global_library.vm' from ResourceLoader org.apache.velocity.runtime.resource.loader.ClasspathResourceLoader: ClasspathResourceLoader Error: cannot find resource VM_global_library.vm
2021-01-12 15:51:00,249 - Velocimacro : Default library not found.
2021-01-12 15:51:00,249 - Velocimacro : allowInline = true : VMs can be defined inline in templates
2021-01-12 15:51:00,249 - Velocimacro : allowInlineToOverride = false : VMs defined inline may NOT replace previous VM definitions
2021-01-12 15:51:00,249 - Velocimacro : allowInlineLocal = false : VMs defined inline will be global in scope if allowed.
2021-01-12 15:51:00,249 - Velocimacro : autoload off : VM system will not automatically reload global library macros
2021-01-12 15:51:00,254 - ResourceManager : found /templates/index.vm with loader org.apache.velocity.runtime.resource.loader.ClasspathResourceLoader
2021-01-12 15:51:32,890 - Log4JLogChute initialized using file 'velocity.log'
2021-01-12 15:51:32,890 - Initializing Velocity, Calling init()...
2021-01-12 15:51:32,890 - Starting Apache Velocity v1.7 (compiled: 2010-11-19 12:14:37)
2021-01-12 15:51:32,890 - Default Properties File: org\apache\velocity\runtime\defaults\velocity.properties
2021-01-12 15:51:32,890 - Trying to use logger class org.apache.velocity.runtime.log.AvalonLogChute
2021-01-12 15:51:32,890 - Target log system for org.apache.velocity.runtime.log.AvalonLogChute is not available (java.lang.NoClassDefFoundError: org/apache/log/format/Formatter).  Falling back to next log system...
2021-01-12 15:51:32,890 - Trying to use logger class org.apache.velocity.runtime.log.Log4JLogChute
2021-01-12 15:51:32,890 - Using logger class org.apache.velocity.runtime.log.Log4JLogChute
2021-01-12 15:51:32,892 - ResourceLoader instantiated: org.apache.velocity.runtime.resource.loader.ClasspathResourceLoader
2021-01-12 15:51:32,898 - ResourceCache: initialized (class org.apache.velocity.runtime.resource.ResourceCacheImpl) with class java.util.Collections$SynchronizedMap cache map.
2021-01-12 15:51:32,898 - Loaded System Directive: org.apache.velocity.runtime.directive.Stop
2021-01-12 15:51:32,899 - Loaded System Directive: org.apache.velocity.runtime.directive.Define
2021-01-12 15:51:32,899 - Loaded System Directive: org.apache.velocity.runtime.directive.Break
2021-01-12 15:51:32,900 - Loaded System Directive: org.apache.velocity.runtime.directive.Evaluate
2021-01-12 15:51:32,900 - Loaded System Directive: org.apache.velocity.runtime.directive.Literal
2021-01-12 15:51:32,900 - Loaded System Directive: org.apache.velocity.runtime.directive.Macro
2021-01-12 15:51:32,901 - Loaded System Directive: org.apache.velocity.runtime.directive.Parse
2021-01-12 15:51:32,901 - Loaded System Directive: org.apache.velocity.runtime.directive.Include
2021-01-12 15:51:32,902 - Loaded System Directive: org.apache.velocity.runtime.directive.Foreach
2021-01-12 15:51:32,918 - Created '20' parsers.
2021-01-12 15:51:32,920 - Velocimacro : "velocimacro.library" is not set.  Trying default library: VM_global_library.vm
2021-01-12 15:51:32,920 - Could not load resource 'VM_global_library.vm' from ResourceLoader org.apache.velocity.runtime.resource.loader.ClasspathResourceLoader: ClasspathResourceLoader Error: cannot find resource VM_global_library.vm
2021-01-12 15:51:32,920 - Velocimacro : Default library not found.
2021-01-12 15:51:32,920 - Velocimacro : allowInline = true : VMs can be defined inline in templates
2021-01-12 15:51:32,920 - Velocimacro : allowInlineToOverride = false : VMs defined inline may NOT replace previous VM definitions
2021-01-12 15:51:32,920 - Velocimacro : allowInlineLocal = false : VMs defined inline will be global in scope if allowed.
2021-01-12 15:51:32,920 - Velocimacro : autoload off : VM system will not automatically reload global library macros
2021-01-12 15:51:32,926 - ResourceManager : found /templates/index.vm with loader org.apache.velocity.runtime.resource.loader.ClasspathResourceLoader
2021-01-12 15:51:34,103 - ResourceManager : found /templates/index.vm with loader org.apache.velocity.runtime.resource.loader.ClasspathResourceLoader
2021-01-12 15:51:34,902 - ResourceManager : found /templates/index.vm with loader org.apache.velocity.runtime.resource.loader.ClasspathResourceLoader
2021-01-12 15:53:50,810 - Log4JLogChute initialized using file 'velocity.log'
2021-01-12 15:53:50,811 - Initializing Velocity, Calling init()...
2021-01-12 15:53:50,811 - Starting Apache Velocity v1.7 (compiled: 2010-11-19 12:14:37)
2021-01-12 15:53:50,811 - Default Properties File: org\apache\velocity\runtime\defaults\velocity.properties
2021-01-12 15:53:50,811 - Trying to use logger class org.apache.velocity.runtime.log.AvalonLogChute
2021-01-12 15:53:50,811 - Target log system for org.apache.velocity.runtime.log.AvalonLogChute is not available (java.lang.NoClassDefFoundError: org/apache/log/format/Formatter).  Falling back to next log system...
2021-01-12 15:53:50,811 - Trying to use logger class org.apache.velocity.runtime.log.Log4JLogChute
2021-01-12 15:53:50,811 - Using logger class org.apache.velocity.runtime.log.Log4JLogChute
2021-01-12 15:53:50,813 - ResourceLoader instantiated: org.apache.velocity.runtime.resource.loader.ClasspathResourceLoader
2021-01-12 15:53:50,819 - ResourceCache: initialized (class org.apache.velocity.runtime.resource.ResourceCacheImpl) with class java.util.Collections$SynchronizedMap cache map.
2021-01-12 15:53:50,820 - Loaded System Directive: org.apache.velocity.runtime.directive.Stop
2021-01-12 15:53:50,821 - Loaded System Directive: org.apache.velocity.runtime.directive.Define
2021-01-12 15:53:50,821 - Loaded System Directive: org.apache.velocity.runtime.directive.Break
2021-01-12 15:53:50,822 - Loaded System Directive: org.apache.velocity.runtime.directive.Evaluate
2021-01-12 15:53:50,822 - Loaded System Directive: org.apache.velocity.runtime.directive.Literal
2021-01-12 15:53:50,822 - Loaded System Directive: org.apache.velocity.runtime.directive.Macro
2021-01-12 15:53:50,823 - Loaded System Directive: org.apache.velocity.runtime.directive.Parse
2021-01-12 15:53:50,824 - Loaded System Directive: org.apache.velocity.runtime.directive.Include
2021-01-12 15:53:50,824 - Loaded System Directive: org.apache.velocity.runtime.directive.Foreach
2021-01-12 15:53:50,842 - Created '20' parsers.
2021-01-12 15:53:50,844 - Velocimacro : "velocimacro.library" is not set.  Trying default library: VM_global_library.vm
2021-01-12 15:53:50,844 - Could not load resource 'VM_global_library.vm' from ResourceLoader org.apache.velocity.runtime.resource.loader.ClasspathResourceLoader: ClasspathResourceLoader Error: cannot find resource VM_global_library.vm
2021-01-12 15:53:50,844 - Velocimacro : Default library not found.
2021-01-12 15:53:50,844 - Velocimacro : allowInline = true : VMs can be defined inline in templates
2021-01-12 15:53:50,845 - Velocimacro : allowInlineToOverride = false : VMs defined inline may NOT replace previous VM definitions
2021-01-12 15:53:50,845 - Velocimacro : allowInlineLocal = false : VMs defined inline will be global in scope if allowed.
2021-01-12 15:53:50,845 - Velocimacro : autoload off : VM system will not automatically reload global library macros
2021-01-12 15:53:50,850 - ResourceManager : found /templates/index.vm with loader org.apache.velocity.runtime.resource.loader.ClasspathResourceLoader
2021-01-12 15:53:51,767 - ResourceManager : found /templates/index.vm with loader org.apache.velocity.runtime.resource.loader.ClasspathResourceLoader
2021-01-12 15:55:12,550 - Log4JLogChute initialized using file 'velocity.log'
2021-01-12 15:55:12,551 - Initializing Velocity, Calling init()...
2021-01-12 15:55:12,551 - Starting Apache Velocity v1.7 (compiled: 2010-11-19 12:14:37)
2021-01-12 15:55:12,551 - Default Properties File: org\apache\velocity\runtime\defaults\velocity.properties
2021-01-12 15:55:12,551 - Trying to use logger class org.apache.velocity.runtime.log.AvalonLogChute
2021-01-12 15:55:12,551 - Target log system for org.apache.velocity.runtime.log.AvalonLogChute is not available (java.lang.NoClassDefFoundError: org/apache/log/format/Formatter).  Falling back to next log system...
2021-01-12 15:55:12,551 - Trying to use logger class org.apache.velocity.runtime.log.Log4JLogChute
2021-01-12 15:55:12,551 - Using logger class org.apache.velocity.runtime.log.Log4JLogChute
2021-01-12 15:55:12,554 - ResourceLoader instantiated: org.apache.velocity.runtime.resource.loader.ClasspathResourceLoader
2021-01-12 15:55:12,560 - ResourceCache: initialized (class org.apache.velocity.runtime.resource.ResourceCacheImpl) with class java.util.Collections$SynchronizedMap cache map.
2021-01-12 15:55:12,561 - Loaded System Directive: org.apache.velocity.runtime.directive.Stop
2021-01-12 15:55:12,562 - Loaded System Directive: org.apache.velocity.runtime.directive.Define
2021-01-12 15:55:12,562 - Loaded System Directive: org.apache.velocity.runtime.directive.Break
2021-01-12 15:55:12,562 - Loaded System Directive: org.apache.velocity.runtime.directive.Evaluate
2021-01-12 15:55:12,563 - Loaded System Directive: org.apache.velocity.runtime.directive.Literal
2021-01-12 15:55:12,563 - Loaded System Directive: org.apache.velocity.runtime.directive.Macro
2021-01-12 15:55:12,564 - Loaded System Directive: org.apache.velocity.runtime.directive.Parse
2021-01-12 15:55:12,565 - Loaded System Directive: org.apache.velocity.runtime.directive.Include
2021-01-12 15:55:12,565 - Loaded System Directive: org.apache.velocity.runtime.directive.Foreach
2021-01-12 15:55:12,583 - Created '20' parsers.
2021-01-12 15:55:12,585 - Velocimacro : "velocimacro.library" is not set.  Trying default library: VM_global_library.vm
2021-01-12 15:55:12,585 - Could not load resource 'VM_global_library.vm' from ResourceLoader org.apache.velocity.runtime.resource.loader.ClasspathResourceLoader: ClasspathResourceLoader Error: cannot find resource VM_global_library.vm
2021-01-12 15:55:12,585 - Velocimacro : Default library not found.
2021-01-12 15:55:12,585 - Velocimacro : allowInline = true : VMs can be defined inline in templates
2021-01-12 15:55:12,586 - Velocimacro : allowInlineToOverride = false : VMs defined inline may NOT replace previous VM definitions
2021-01-12 15:55:12,586 - Velocimacro : allowInlineLocal = false : VMs defined inline will be global in scope if allowed.
2021-01-12 15:55:12,586 - Velocimacro : autoload off : VM system will not automatically reload global library macros
2021-01-12 15:55:12,591 - ResourceManager : found /templates/index.vm with loader org.apache.velocity.runtime.resource.loader.ClasspathResourceLoader
2021-01-12 15:55:13,535 - ResourceManager : found /templates/index.vm with loader org.apache.velocity.runtime.resource.loader.ClasspathResourceLoader
2021-01-12 15:55:14,364 - ResourceManager : found /templates/index.vm with loader org.apache.velocity.runtime.resource.loader.ClasspathResourceLoader
2021-01-12 15:55:16,158 - ResourceManager : found /templates/index.vm with loader org.apache.velocity.runtime.resource.loader.ClasspathResourceLoader
2021-01-12 15:55:55,957 - Log4JLogChute initialized using file 'velocity.log'
2021-01-12 15:55:55,957 - Initializing Velocity, Calling init()...
2021-01-12 15:55:55,957 - Starting Apache Velocity v1.7 (compiled: 2010-11-19 12:14:37)
2021-01-12 15:55:55,957 - Default Properties File: org\apache\velocity\runtime\defaults\velocity.properties
2021-01-12 15:55:55,957 - Trying to use logger class org.apache.velocity.runtime.log.AvalonLogChute
2021-01-12 15:55:55,957 - Target log system for org.apache.velocity.runtime.log.AvalonLogChute is not available (java.lang.NoClassDefFoundError: org/apache/log/format/Formatter).  Falling back to next log system...
2021-01-12 15:55:55,957 - Trying to use logger class org.apache.velocity.runtime.log.Log4JLogChute
2021-01-12 15:55:55,957 - Using logger class org.apache.velocity.runtime.log.Log4JLogChute
2021-01-12 15:55:55,959 - ResourceLoader instantiated: org.apache.velocity.runtime.resource.loader.ClasspathResourceLoader
2021-01-12 15:55:55,965 - ResourceCache: initialized (class org.apache.velocity.runtime.resource.ResourceCacheImpl) with class java.util.Collections$SynchronizedMap cache map.
2021-01-12 15:55:55,966 - Loaded System Directive: org.apache.velocity.runtime.directive.Stop
2021-01-12 15:55:55,967 - Loaded System Directive: org.apache.velocity.runtime.directive.Define
2021-01-12 15:55:55,967 - Loaded System Directive: org.apache.velocity.runtime.directive.Break
2021-01-12 15:55:55,967 - Loaded System Directive: org.apache.velocity.runtime.directive.Evaluate
2021-01-12 15:55:55,968 - Loaded System Directive: org.apache.velocity.runtime.directive.Literal
2021-01-12 15:55:55,968 - Loaded System Directive: org.apache.velocity.runtime.directive.Macro
2021-01-12 15:55:55,969 - Loaded System Directive: org.apache.velocity.runtime.directive.Parse
2021-01-12 15:55:55,969 - Loaded System Directive: org.apache.velocity.runtime.directive.Include
2021-01-12 15:55:55,970 - Loaded System Directive: org.apache.velocity.runtime.directive.Foreach
2021-01-12 15:55:55,986 - Created '20' parsers.
2021-01-12 15:55:55,988 - Velocimacro : "velocimacro.library" is not set.  Trying default library: VM_global_library.vm
2021-01-12 15:55:55,989 - Could not load resource 'VM_global_library.vm' from ResourceLoader org.apache.velocity.runtime.resource.loader.ClasspathResourceLoader: ClasspathResourceLoader Error: cannot find resource VM_global_library.vm
2021-01-12 15:55:55,989 - Velocimacro : Default library not found.
2021-01-12 15:55:55,989 - Velocimacro : allowInline = true : VMs can be defined inline in templates
2021-01-12 15:55:55,989 - Velocimacro : allowInlineToOverride = false : VMs defined inline may NOT replace previous VM definitions
2021-01-12 15:55:55,989 - Velocimacro : allowInlineLocal = false : VMs defined inline will be global in scope if allowed.
2021-01-12 15:55:55,989 - Velocimacro : autoload off : VM system will not automatically reload global library macros
2021-01-12 15:55:55,995 - ResourceManager : found /templates/index.vm with loader org.apache.velocity.runtime.resource.loader.ClasspathResourceLoader
2021-01-12 15:55:57,042 - ResourceManager : found /templates/index.vm with loader org.apache.velocity.runtime.resource.loader.ClasspathResourceLoader
2021-01-12 15:56:19,040 - Log4JLogChute initialized using file 'velocity.log'
2021-01-12 15:56:19,041 - Initializing Velocity, Calling init()...
2021-01-12 15:56:19,041 - Starting Apache Velocity v1.7 (compiled: 2010-11-19 12:14:37)
2021-01-12 15:56:19,041 - Default Properties File: org\apache\velocity\runtime\defaults\velocity.properties
2021-01-12 15:56:19,041 - Trying to use logger class org.apache.velocity.runtime.log.AvalonLogChute
2021-01-12 15:56:19,041 - Target log system for org.apache.velocity.runtime.log.AvalonLogChute is not available (java.lang.NoClassDefFoundError: org/apache/log/format/Formatter).  Falling back to next log system...
2021-01-12 15:56:19,041 - Trying to use logger class org.apache.velocity.runtime.log.Log4JLogChute
2021-01-12 15:56:19,041 - Using logger class org.apache.velocity.runtime.log.Log4JLogChute
2021-01-12 15:56:19,044 - ResourceLoader instantiated: org.apache.velocity.runtime.resource.loader.ClasspathResourceLoader
2021-01-12 15:56:19,053 - ResourceCache: initialized (class org.apache.velocity.runtime.resource.ResourceCacheImpl) with class java.util.Collections$SynchronizedMap cache map.
2021-01-12 15:56:19,054 - Loaded System Directive: org.apache.velocity.runtime.directive.Stop
2021-01-12 15:56:19,055 - Loaded System Directive: org.apache.velocity.runtime.directive.Define
2021-01-12 15:56:19,055 - Loaded System Directive: org.apache.velocity.runtime.directive.Break
2021-01-12 15:56:19,056 - Loaded System Directive: org.apache.velocity.runtime.directive.Evaluate
2021-01-12 15:56:19,056 - Loaded System Directive: org.apache.velocity.runtime.directive.Literal
2021-01-12 15:56:19,057 - Loaded System Directive: org.apache.velocity.runtime.directive.Macro
2021-01-12 15:56:19,058 - Loaded System Directive: org.apache.velocity.runtime.directive.Parse
2021-01-12 15:56:19,058 - Loaded System Directive: org.apache.velocity.runtime.directive.Include
2021-01-12 15:56:19,059 - Loaded System Directive: org.apache.velocity.runtime.directive.Foreach
2021-01-12 15:56:19,080 - Created '20' parsers.
2021-01-12 15:56:19,083 - Velocimacro : "velocimacro.library" is not set.  Trying default library: VM_global_library.vm
2021-01-12 15:56:19,083 - Could not load resource 'VM_global_library.vm' from ResourceLoader org.apache.velocity.runtime.resource.loader.ClasspathResourceLoader: ClasspathResourceLoader Error: cannot find resource VM_global_library.vm
2021-01-12 15:56:19,083 - Velocimacro : Default library not found.
2021-01-12 15:56:19,083 - Velocimacro : allowInline = true : VMs can be defined inline in templates
2021-01-12 15:56:19,083 - Velocimacro : allowInlineToOverride = false : VMs defined inline may NOT replace previous VM definitions
2021-01-12 15:56:19,083 - Velocimacro : allowInlineLocal = false : VMs defined inline will be global in scope if allowed.
2021-01-12 15:56:19,083 - Velocimacro : autoload off : VM system will not automatically reload global library macros
2021-01-12 15:56:19,089 - ResourceManager : found /templates/index.vm with loader org.apache.velocity.runtime.resource.loader.ClasspathResourceLoader
2021-01-12 15:56:20,482 - ResourceManager : found /templates/index.vm with loader org.apache.velocity.runtime.resource.loader.ClasspathResourceLoader
2021-01-12 15:58:23,744 - Log4JLogChute initialized using file 'velocity.log'
2021-01-12 15:58:23,744 - Initializing Velocity, Calling init()...
2021-01-12 15:58:23,744 - Starting Apache Velocity v1.7 (compiled: 2010-11-19 12:14:37)
2021-01-12 15:58:23,745 - Default Properties File: org\apache\velocity\runtime\defaults\velocity.properties
2021-01-12 15:58:23,745 - Trying to use logger class org.apache.velocity.runtime.log.AvalonLogChute
2021-01-12 15:58:23,745 - Target log system for org.apache.velocity.runtime.log.AvalonLogChute is not available (java.lang.NoClassDefFoundError: org/apache/log/format/Formatter).  Falling back to next log system...
2021-01-12 15:58:23,745 - Trying to use logger class org.apache.velocity.runtime.log.Log4JLogChute
2021-01-12 15:58:23,745 - Using logger class org.apache.velocity.runtime.log.Log4JLogChute
2021-01-12 15:58:23,746 - ResourceLoader instantiated: org.apache.velocity.runtime.resource.loader.ClasspathResourceLoader
2021-01-12 15:58:23,752 - ResourceCache: initialized (class org.apache.velocity.runtime.resource.ResourceCacheImpl) with class java.util.Collections$SynchronizedMap cache map.
2021-01-12 15:58:23,753 - Loaded System Directive: org.apache.velocity.runtime.directive.Stop
2021-01-12 15:58:23,754 - Loaded System Directive: org.apache.velocity.runtime.directive.Define
2021-01-12 15:58:23,754 - Loaded System Directive: org.apache.velocity.runtime.directive.Break
2021-01-12 15:58:23,754 - Loaded System Directive: org.apache.velocity.runtime.directive.Evaluate
2021-01-12 15:58:23,755 - Loaded System Directive: org.apache.velocity.runtime.directive.Literal
2021-01-12 15:58:23,755 - Loaded System Directive: org.apache.velocity.runtime.directive.Macro
2021-01-12 15:58:23,756 - Loaded System Directive: org.apache.velocity.runtime.directive.Parse
2021-01-12 15:58:23,756 - Loaded System Directive: org.apache.velocity.runtime.directive.Include
2021-01-12 15:58:23,757 - Loaded System Directive: org.apache.velocity.runtime.directive.Foreach
2021-01-12 15:58:23,772 - Created '20' parsers.
2021-01-12 15:58:23,775 - Velocimacro : "velocimacro.library" is not set.  Trying default library: VM_global_library.vm
2021-01-12 15:58:23,775 - Could not load resource 'VM_global_library.vm' from ResourceLoader org.apache.velocity.runtime.resource.loader.ClasspathResourceLoader: ClasspathResourceLoader Error: cannot find resource VM_global_library.vm
2021-01-12 15:58:23,775 - Velocimacro : Default library not found.
2021-01-12 15:58:23,775 - Velocimacro : allowInline = true : VMs can be defined inline in templates
2021-01-12 15:58:23,775 - Velocimacro : allowInlineToOverride = false : VMs defined inline may NOT replace previous VM definitions
2021-01-12 15:58:23,775 - Velocimacro : allowInlineLocal = false : VMs defined inline will be global in scope if allowed.
2021-01-12 15:58:23,775 - Velocimacro : autoload off : VM system will not automatically reload global library macros
2021-01-12 15:58:23,780 - ResourceManager : found /templates/index.vm with loader org.apache.velocity.runtime.resource.loader.ClasspathResourceLoader
2021-01-12 15:58:24,488 - ResourceManager : found /templates/index.vm with loader org.apache.velocity.runtime.resource.loader.ClasspathResourceLoader
2021-01-12 15:58:39,997 - Log4JLogChute initialized using file 'velocity.log'
2021-01-12 15:58:39,998 - Initializing Velocity, Calling init()...
2021-01-12 15:58:39,998 - Starting Apache Velocity v1.7 (compiled: 2010-11-19 12:14:37)
2021-01-12 15:58:39,998 - Default Properties File: org\apache\velocity\runtime\defaults\velocity.properties
2021-01-12 15:58:39,998 - Trying to use logger class org.apache.velocity.runtime.log.AvalonLogChute
2021-01-12 15:58:39,998 - Target log system for org.apache.velocity.runtime.log.AvalonLogChute is not available (java.lang.NoClassDefFoundError: org/apache/log/format/Formatter).  Falling back to next log system...
2021-01-12 15:58:39,998 - Trying to use logger class org.apache.velocity.runtime.log.Log4JLogChute
2021-01-12 15:58:39,998 - Using logger class org.apache.velocity.runtime.log.Log4JLogChute
2021-01-12 15:58:40,000 - ResourceLoader instantiated: org.apache.velocity.runtime.resource.loader.ClasspathResourceLoader
2021-01-12 15:58:40,006 - ResourceCache: initialized (class org.apache.velocity.runtime.resource.ResourceCacheImpl) with class java.util.Collections$SynchronizedMap cache map.
2021-01-12 15:58:40,007 - Loaded System Directive: org.apache.velocity.runtime.directive.Stop
2021-01-12 15:58:40,007 - Loaded System Directive: org.apache.velocity.runtime.directive.Define
2021-01-12 15:58:40,008 - Loaded System Directive: org.apache.velocity.runtime.directive.Break
2021-01-12 15:58:40,008 - Loaded System Directive: org.apache.velocity.runtime.directive.Evaluate
2021-01-12 15:58:40,008 - Loaded System Directive: org.apache.velocity.runtime.directive.Literal
2021-01-12 15:58:40,009 - Loaded System Directive: org.apache.velocity.runtime.directive.Macro
2021-01-12 15:58:40,010 - Loaded System Directive: org.apache.velocity.runtime.directive.Parse
2021-01-12 15:58:40,010 - Loaded System Directive: org.apache.velocity.runtime.directive.Include
2021-01-12 15:58:40,011 - Loaded System Directive: org.apache.velocity.runtime.directive.Foreach
2021-01-12 15:58:40,026 - Created '20' parsers.
2021-01-12 15:58:40,029 - Velocimacro : "velocimacro.library" is not set.  Trying default library: VM_global_library.vm
2021-01-12 15:58:40,029 - Could not load resource 'VM_global_library.vm' from ResourceLoader org.apache.velocity.runtime.resource.loader.ClasspathResourceLoader: ClasspathResourceLoader Error: cannot find resource VM_global_library.vm
2021-01-12 15:58:40,029 - Velocimacro : Default library not found.
2021-01-12 15:58:40,029 - Velocimacro : allowInline = true : VMs can be defined inline in templates
2021-01-12 15:58:40,029 - Velocimacro : allowInlineToOverride = false : VMs defined inline may NOT replace previous VM definitions
2021-01-12 15:58:40,029 - Velocimacro : allowInlineLocal = false : VMs defined inline will be global in scope if allowed.
2021-01-12 15:58:40,029 - Velocimacro : autoload off : VM system will not automatically reload global library macros
2021-01-12 15:58:40,035 - ResourceManager : found /templates/index.vm with loader org.apache.velocity.runtime.resource.loader.ClasspathResourceLoader
2021-01-12 15:58:41,395 - ResourceManager : found /templates/index.vm with loader org.apache.velocity.runtime.resource.loader.ClasspathResourceLoader
2021-01-12 15:58:58,973 - ResourceManager : found /templates/index.vm with loader org.apache.velocity.runtime.resource.loader.ClasspathResourceLoader
2021-01-12 15:59:02,353 - ResourceManager : found /templates/index.vm with loader org.apache.velocity.runtime.resource.loader.ClasspathResourceLoader
2021-01-12 15:59:04,130 - ResourceManager : found /templates/index.vm with loader org.apache.velocity.runtime.resource.loader.ClasspathResourceLoader
